<?xml version="1.0" encoding="UTF-8" ?>
<testsuite failures="0" time="0.13" errors="0" skipped="0" tests="72" name="org.apache.catalina.filters.TestCorsFilter">
  <properties>
    <property name="java.runtime.name" value="Java(TM) SE Runtime Environment"/>
    <property name="sun.boot.library.path" value="C:\Program Files\Java\jdk1.6.0_22\jre\bin"/>
    <property name="java.vm.version" value="17.1-b03"/>
    <property name="java.vm.vendor" value="Sun Microsystems Inc."/>
    <property name="java.vendor.url" value="http://java.sun.com/"/>
    <property name="path.separator" value=";"/>
    <property name="guice.disable.misplaced.annotation.check" value="true"/>
    <property name="java.vm.name" value="Java HotSpot(TM) Client VM"/>
    <property name="file.encoding.pkg" value="sun.io"/>
    <property name="user.country" value="CN"/>
    <property name="sun.java.launcher" value="SUN_STANDARD"/>
    <property name="sun.os.patch.level" value="Service Pack 1"/>
    <property name="java.vm.specification.name" value="Java Virtual Machine Specification"/>
    <property name="user.dir" value="D:\openproject\mywork\opensource\apache-tomcat-7.0.57"/>
    <property name="java.runtime.version" value="1.6.0_22-b04"/>
    <property name="java.awt.graphicsenv" value="sun.awt.Win32GraphicsEnvironment"/>
    <property name="java.endorsed.dirs" value="C:\Program Files\Java\jdk1.6.0_22\jre\lib\endorsed"/>
    <property name="os.arch" value="x86"/>
    <property name="java.io.tmpdir" value="C:\Users\hp\AppData\Local\Temp\"/>
    <property name="line.separator" value="
"/>
    <property name="java.vm.specification.vendor" value="Sun Microsystems Inc."/>
    <property name="user.variant" value=""/>
    <property name="os.name" value="Windows 7"/>
    <property name="classworlds.conf" value="D:\openproject\mywork\workspace\thesecondwar\.metadata\.plugins\org.eclipse.m2e.launching\launches\m2conf883822355613603942.tmp"/>
    <property name="sun.jnu.encoding" value="GBK"/>
    <property name="java.library.path" value="C:\Program Files\Java\jdk1.6.0_22\bin;.;C:\Windows\Sun\Java\bin;C:\Windows\system32;C:\Windows;C:/Program Files/Java/jre6/bin/client;C:/Program Files/Java/jre6/bin;C:/Program Files/Java/jre6/lib/i386;E:\Ruby200\bin;C:\Program Files\AMD APP\bin\x86;E:\oracle\product\10.2.0\db_1\bin;C:\Windows\system32;C:\Windows;C:\Windows\System32\Wbem;C:\Windows\System32\WindowsPowerShell\v1.0\;C:\Program Files\ATI Technologies\ATI.ACE\Core-Static;C:\Program Files\Java\jdk1.6.0_22\bin;D:\openproject\mywork\projectbuildtool\apache-maven-3.1.1\bin;D:\openproject\mywork\projectbuildtool\apache-ant-1.9.2\bin;E:\MySQL\MySQL Server 5.1\bin;E:\Subversion\bin;E:\TortoiseSVN\bin;F:\cygwin\bin;F:\cygwin\usr\sbin;D:\openproject\mywork\servers\tomcat\apache-tomcat-7.0.47;E:\nodejs\;E:\Rational\common;D:\Python27;C:\Program Files\Microsoft Visual Studio\Common\Tools\WinNT;C:\Program Files\Microsoft Visual Studio\Common\MSDev98\Bin;C:\Program Files\Microsoft Visual Studio\Common\Tools;C:\Program Files\Microsoft Visual Studio\VC98\bin;C:\Users\hp\AppData\Roaming\npm;D:\openproject\mywork\tools\extspringsource\springsource\sts-3.4.0.RELEASE;"/>
    <property name="java.specification.name" value="Java Platform API Specification"/>
    <property name="java.class.version" value="50.0"/>
    <property name="sun.management.compiler" value="HotSpot Client Compiler"/>
    <property name="os.version" value="6.1"/>
    <property name="user.home" value="C:\Users\hp"/>
    <property name="user.timezone" value="Asia/Shanghai"/>
    <property name="java.awt.printerjob" value="sun.awt.windows.WPrinterJob"/>
    <property name="file.encoding" value="UTF-8"/>
    <property name="java.specification.version" value="1.6"/>
    <property name="user.name" value="hp"/>
    <property name="java.class.path" value="D:\openproject\mywork\projectbuildtool\apache-maven-3.1.1\boot\plexus-classworlds-2.5.1.jar"/>
    <property name="org.slf4j.simpleLogger.defaultLogLevel" value="info"/>
    <property name="java.vm.specification.version" value="1.0"/>
    <property name="sun.arch.data.model" value="32"/>
    <property name="java.home" value="C:\Program Files\Java\jdk1.6.0_22\jre"/>
    <property name="java.specification.vendor" value="Sun Microsystems Inc."/>
    <property name="user.language" value="zh"/>
    <property name="awt.toolkit" value="sun.awt.windows.WToolkit"/>
    <property name="java.vm.info" value="mixed mode, sharing"/>
    <property name="java.version" value="1.6.0_22"/>
    <property name="java.ext.dirs" value="C:\Program Files\Java\jdk1.6.0_22\jre\lib\ext;C:\Windows\Sun\Java\lib\ext"/>
    <property name="sun.boot.class.path" value="C:\Program Files\Java\jdk1.6.0_22\jre\lib\resources.jar;C:\Program Files\Java\jdk1.6.0_22\jre\lib\rt.jar;C:\Program Files\Java\jdk1.6.0_22\jre\lib\sunrsasign.jar;C:\Program Files\Java\jdk1.6.0_22\jre\lib\jsse.jar;C:\Program Files\Java\jdk1.6.0_22\jre\lib\jce.jar;C:\Program Files\Java\jdk1.6.0_22\jre\lib\charsets.jar;C:\Program Files\Java\jdk1.6.0_22\jre\classes"/>
    <property name="java.vendor" value="Sun Microsystems Inc."/>
    <property name="maven.home" value="D:\openproject\mywork\projectbuildtool\apache-maven-3.1.1"/>
    <property name="file.separator" value="\"/>
    <property name="java.vendor.url.bug" value="http://java.sun.com/cgi-bin/bugreport.cgi"/>
    <property name="maven.bootclasspath" value="D:\openproject\mywork\projectbuildtool\apache-maven-3.1.1\boot\plexus-classworlds-2.5.1.jar"/>
    <property name="sun.cpu.endian" value="little"/>
    <property name="sun.io.unicode.encoding" value="UnicodeLittle"/>
    <property name="sun.desktop" value="windows"/>
    <property name="sun.cpu.isalist" value=""/>
  </properties>
  <testcase time="0" classname="org.apache.catalina.filters.TestCorsFilter" name="testJoin"/>
  <testcase time="0.003" classname="org.apache.catalina.filters.TestCorsFilter" name="testDoFilterSimpleGET"/>
  <testcase time="0.003" classname="org.apache.catalina.filters.TestCorsFilter" name="testDoFilterSimplePOST"/>
  <testcase time="0.002" classname="org.apache.catalina.filters.TestCorsFilter" name="testDoFilterSimpleHEAD"/>
  <testcase time="0.002" classname="org.apache.catalina.filters.TestCorsFilter" name="testDoFilterSimpleSpecificHeader"/>
  <testcase time="0.001" classname="org.apache.catalina.filters.TestCorsFilter" name="testDoFilterSimpleAnyOriginAndSupportsCredentials"/>
  <testcase time="0.001" classname="org.apache.catalina.filters.TestCorsFilter" name="testDoFilterSimpleAnyOriginAndSupportsCredentialsDisabled"/>
  <testcase time="0.002" classname="org.apache.catalina.filters.TestCorsFilter" name="testDoFilterSimpleWithExposedHeaders"/>
  <testcase time="0.002" classname="org.apache.catalina.filters.TestCorsFilter" name="testDoFilterPreflight"/>
  <testcase time="0.002" classname="org.apache.catalina.filters.TestCorsFilter" name="testDoFilterPreflightAnyOrigin"/>
  <testcase time="0.002" classname="org.apache.catalina.filters.TestCorsFilter" name="testDoFilterPreflightInvalidOrigin"/>
  <testcase time="0.001" classname="org.apache.catalina.filters.TestCorsFilter" name="testDoFilterPreflightNegativeMaxAge"/>
  <testcase time="0.002" classname="org.apache.catalina.filters.TestCorsFilter" name="testDoFilterPreflightWithCredentials"/>
  <testcase time="0.002" classname="org.apache.catalina.filters.TestCorsFilter" name="testDoFilterPreflightWithoutCredentialsAndSpecificOrigin"/>
  <testcase time="0.002" classname="org.apache.catalina.filters.TestCorsFilter" name="testDoFilterNullOrigin"/>
  <testcase time="0.002" classname="org.apache.catalina.filters.TestCorsFilter" name="testDoFilterInvalidCORSOriginNotAllowed"/>
  <testcase time="0.002" classname="org.apache.catalina.filters.TestCorsFilter" name="testDoFilterNullRequestNullResponse"/>
  <testcase time="0.002" classname="org.apache.catalina.filters.TestCorsFilter" name="testDoFilterNullRequestResponse"/>
  <testcase time="0.001" classname="org.apache.catalina.filters.TestCorsFilter" name="testDoFilterRequestNullResponse"/>
  <testcase time="0.001" classname="org.apache.catalina.filters.TestCorsFilter" name="testInitDefaultFilterConfig"/>
  <testcase time="0.002" classname="org.apache.catalina.filters.TestCorsFilter" name="testInitInvalidFilterConfig"/>
  <testcase time="0.002" classname="org.apache.catalina.filters.TestCorsFilter" name="testNotSimple"/>
  <testcase time="0.002" classname="org.apache.catalina.filters.TestCorsFilter" name="testNotPreflight"/>
  <testcase time="0.002" classname="org.apache.catalina.filters.TestCorsFilter" name="testDecorateCORSPropertiesNullRequestNullCORSRequestType"/>
  <testcase time="0.001" classname="org.apache.catalina.filters.TestCorsFilter" name="testDecorateCORSPropertiesNullRequestValidCORSRequestType"/>
  <testcase time="0.001" classname="org.apache.catalina.filters.TestCorsFilter" name="testDecorateCORSPropertiesValidRequestNullRequestType"/>
  <testcase time="0.003" classname="org.apache.catalina.filters.TestCorsFilter" name="testDecorateCORSPropertiesCORSRequestTypeNotCORS"/>
  <testcase time="0.002" classname="org.apache.catalina.filters.TestCorsFilter" name="testDecorateCORSPropertiesCORSRequestTypeInvalidCORS"/>
  <testcase time="0.002" classname="org.apache.catalina.filters.TestCorsFilter" name="testCheckSimpleRequestTypeAnyOrigin"/>
  <testcase time="0.002" classname="org.apache.catalina.filters.TestCorsFilter" name="testCheckSimpleRequestType"/>
  <testcase time="0.001" classname="org.apache.catalina.filters.TestCorsFilter" name="testCheckActualRequestType"/>
  <testcase time="0.002" classname="org.apache.catalina.filters.TestCorsFilter" name="testCheckActualRequestTypeMethodPOSTNotSimpleHeaders"/>
  <testcase time="0.002" classname="org.apache.catalina.filters.TestCorsFilter" name="testCheckPreFlightRequestType"/>
  <testcase time="0.007" classname="org.apache.catalina.filters.TestCorsFilter" name="testCheckPreFlightRequestTypeNoACRM"/>
  <testcase time="0" classname="org.apache.catalina.filters.TestCorsFilter" name="testCheckPreFlightRequestTypeEmptyACRM"/>
  <testcase time="0" classname="org.apache.catalina.filters.TestCorsFilter" name="testCheckPreFlightRequestTypeNoHeaders"/>
  <testcase time="0.001" classname="org.apache.catalina.filters.TestCorsFilter" name="testCheckPreFlightRequestTypeInvalidRequestMethod"/>
  <testcase time="0.007" classname="org.apache.catalina.filters.TestCorsFilter" name="testCheckPreFlightRequestTypeUnsupportedRequestMethod"/>
  <testcase time="0" classname="org.apache.catalina.filters.TestCorsFilter" name="testCheckPreFlightRequestTypeUnsupportedRequestHeaders"/>
  <testcase time="0" classname="org.apache.catalina.filters.TestCorsFilter" name="testCheckPreFlightRequestTypeAnyOriginNoWithCredentials"/>
  <testcase time="0" classname="org.apache.catalina.filters.TestCorsFilter" name="testCheckPreFlightRequestTypeOriginNotAllowed"/>
  <testcase time="0" classname="org.apache.catalina.filters.TestCorsFilter" name="testCheckPreFlightRequestTypeEmptyHeaders"/>
  <testcase time="0.003" classname="org.apache.catalina.filters.TestCorsFilter" name="testCheckNotCORSRequestTypeEmptyOrigin"/>
  <testcase time="0.001" classname="org.apache.catalina.filters.TestCorsFilter" name="testCheckInvalidOrigin"/>
  <testcase time="0.002" classname="org.apache.catalina.filters.TestCorsFilter" name="testCheckInvalidOriginNotAllowedSubdomain"/>
  <testcase time="0.002" classname="org.apache.catalina.filters.TestCorsFilter" name="testCheckInvalidRequestMethod"/>
  <testcase time="0.002" classname="org.apache.catalina.filters.TestCorsFilter" name="testCheckNullRequestMethod"/>
  <testcase time="0.002" classname="org.apache.catalina.filters.TestCorsFilter" name="testCheckForSchemeVariance"/>
  <testcase time="0.002" classname="org.apache.catalina.filters.TestCorsFilter" name="testCheckForPortVariance"/>
  <testcase time="0.001" classname="org.apache.catalina.filters.TestCorsFilter" name="testCheckRequestTypeNull"/>
  <testcase time="0.003" classname="org.apache.catalina.filters.TestCorsFilter" name="testJoinSingleElement"/>
  <testcase time="0.001" classname="org.apache.catalina.filters.TestCorsFilter" name="testJoinSepNull"/>
  <testcase time="0.002" classname="org.apache.catalina.filters.TestCorsFilter" name="testJoinElementsNull"/>
  <testcase time="0.002" classname="org.apache.catalina.filters.TestCorsFilter" name="testJoinOneNullElement"/>
  <testcase time="0.002" classname="org.apache.catalina.filters.TestCorsFilter" name="testJoinAllNullElements"/>
  <testcase time="0.002" classname="org.apache.catalina.filters.TestCorsFilter" name="testJoinAllEmptyElements"/>
  <testcase time="0.002" classname="org.apache.catalina.filters.TestCorsFilter" name="testJoinPipeSeparator"/>
  <testcase time="0.001" classname="org.apache.catalina.filters.TestCorsFilter" name="testWithFilterConfig"/>
  <testcase time="0.002" classname="org.apache.catalina.filters.TestCorsFilter" name="testWithFilterConfigInvalidPreflightAge"/>
  <testcase time="0.002" classname="org.apache.catalina.filters.TestCorsFilter" name="testWithStringParserEmpty"/>
  <testcase time="0.002" classname="org.apache.catalina.filters.TestCorsFilter" name="testWithStringParserNull"/>
  <testcase time="0.002" classname="org.apache.catalina.filters.TestCorsFilter" name="testValidOrigin"/>
  <testcase time="0.001" classname="org.apache.catalina.filters.TestCorsFilter" name="testInValidOriginCRLF"/>
  <testcase time="0.001" classname="org.apache.catalina.filters.TestCorsFilter" name="testInValidOriginEncodedCRLF1"/>
  <testcase time="0.002" classname="org.apache.catalina.filters.TestCorsFilter" name="testInValidOriginEncodedCRLF2"/>
  <testcase time="0.002" classname="org.apache.catalina.filters.TestCorsFilter" name="testInValidOriginEncodedCRLF3"/>
  <testcase time="0.002" classname="org.apache.catalina.filters.TestCorsFilter" name="testCheckInvalidCRLF1"/>
  <testcase time="0.002" classname="org.apache.catalina.filters.TestCorsFilter" name="testCheckInvalidCRLF2"/>
  <testcase time="0.002" classname="org.apache.catalina.filters.TestCorsFilter" name="testCheckInvalidCRLF3"/>
  <testcase time="0.002" classname="org.apache.catalina.filters.TestCorsFilter" name="testCheckInvalidCRLF4"/>
  <testcase time="0.002" classname="org.apache.catalina.filters.TestCorsFilter" name="testDecorateRequestDisabled"/>
  <testcase time="0.002" classname="org.apache.catalina.filters.TestCorsFilter" name="testDestroy"/>
</testsuite>